app/build/outputs/mapping/release/configuration.txt
# The proguard configuration file for the following section is default_proguard_files/global/proguard-android-optimize.txt-8.5.2
# This is a configuration file for ProGuard.
# http://proguard.sourceforge.net/index.html#manual/usage.html
#
# Starting with version 2.2 of the Android plugin for Gradle, this file is distributed together with
# the plugin and unpacked at build-time. The files in $ANDROID_HOME are no longer maintained and
# will be ignored by new version of the Android plugin for Gradle.

# Optimizations: If you don't want to optimize, use the proguard-android.txt configuration file
# instead of this one, which turns off the optimization flags.
-allowaccessmodification

# Preserve some attributes that may be required for reflection.
-keepattributes AnnotationDefault,
                EnclosingMethod,
                InnerClasses,
                RuntimeVisibleAnnotations,
                RuntimeVisibleParameterAnnotations,
                RuntimeVisibleTypeAnnotations,
                Signature

-keep public class com.google.vending.licensing.ILicensingService
-keep public class com.android.vending.licensing.ILicensingService
-keep public class com.google.android.vending.licensing.ILicensingService
-dontnote com.android.vending.licensing.ILicensingService
-dontnote com.google.vending.licensing.ILicensingService
-dontnote com.google.android.vending.licensing.ILicensingService

# For native methods, see https://www.guardsquare.com/manual/configuration/examples#native
-keepclasseswithmembernames,includedescriptorclasses class * {
    native <methods>;
}

# Keep setters in Views so that animations can still work.
-keepclassmembers public class * extends android.view.View {
    void set*(***);
    *** get*();
}

# We want to keep methods in Activity that could be used in the XML attribute onClick.
-keepclassmembers class * extends android.app.Activity {
    public void *(android.view.View);
}

# For enumeration classes, see https://www.guardsquare.com/manual/configuration/examples#enumerations
-keepclassmembers enum * {
    public static **[] values();
    public static ** valueOf(java.lang.String);
}

-keepclassmembers class * implements android.os.Parcelable {
    public static final ** CREATOR;
}

# Preserve annotated Javascript interface methods.
-keepclassmembers class * {
    @android.webkit.JavascriptInterface <methods>;
}

# The support libraries contains references to newer platform versions.
# Don't warn about those in case this app is linking against an older
# platform version. We know about them, and they are safe.
-dontnote android.support.**
-dontnote androidx.**
-dontwarn android.support.**
-dontwarn androidx.**

# Understand the @Keep support annotation.
-keep class android.support.annotation.Keep

-keep @android.support.annotation.Keep class * {*;}

-keepclasseswithmembers class * {
    @android.support.annotation.Keep <methods>;
}

-keepclasseswithmembers class * {
    @android.support.annotation.Keep <fields>;
}

-keepclasseswithmembers class * {
    @android.support.annotation.Keep <init>(...);
}

# These classes are duplicated between android.jar and org.apache.http.legacy.jar.
-dontnote org.apache.http.**
-dontnote android.net.http.**

# These classes are duplicated between android.jar and core-lambda-stubs.jar.
-dontnote java.lang.invoke.**

# End of content from default_proguard_files/global/proguard-android-optimize.txt-8.5.2
# The proguard configuration file for the following section is android_project/app/proguard-rules.pro
# ProGuard configuration for 3D Live Wallpaper
# This file contains rules for code obfuscation and optimization in release builds

# ========================================
# General ProGuard Rules
# ========================================

# Keep native methods (if any are added later)
-keepclasseswithmembernames class * {
    native <methods>;
}

# Keep all model/data classes for JSON serialization
-keep class com.example.wallpaper.model.** { *; }

# Keep preference and settings classes
-keep class com.example.wallpaper.prefs.** { *; }

# Keep service and engine classes
-keep class com.example.wallpaper.service.** { *; }

# Keep JavaScript bridge classes
-keep class com.example.wallpaper.bridge.** { *; }

# Keep gesture handling classes
-keep class com.example.wallpaper.gesture.** { *; }

# Keep utility classes
-keep class com.example.wallpaper.util.** { *; }

# ========================================
# WebView and WebGL Specific Rules
# ========================================

# Keep WebView-related classes and methods
-keep class android.webkit.** { *; }
-keepclassmembers class android.webkit.** {
    *;
}

# Keep WebViewAssetLoader classes
-keep class androidx.webkit.** { *; }
-keepclassmembers class androidx.webkit.** {
    *;
}

# Keep JavaScript interface methods (critical for bridge functionality)
-keepclassmembers class * {
    @android.webkit.JavascriptInterface <methods>;
}

# Keep WebView initialization methods
-keepclassmembers class com.example.wallpaper.web.** {
    *;
}

# ========================================
# Wallpaper Service Specific Rules
# ========================================

# Keep WallpaperService and Engine implementations
-keep public class * extends android.service.wallpaper.WallpaperService
-keep public class * extends android.service.wallpaper.WallpaperService.Engine

# Keep WallpaperService lifecycle methods
-keepclassmembers class * extends android.service.wallpaper.WallpaperService {
    protected void onCreateEngine();
    public void onVisibilityChanged(boolean);
    public void onSurfaceCreated(android.view.SurfaceHolder);
    public void onSurfaceDestroyed(android.view.SurfaceHolder);
    public void onSurfaceChanged(android.view.SurfaceHolder, int, int, int);
}

# Keep SurfaceHolder callbacks
-keepclassmembers class * extends android.view.SurfaceHolder {
    public void surfaceCreated(android.view.SurfaceHolder);
    public void surfaceChanged(android.view.SurfaceHolder, int, int, int);
    public void surfaceDestroyed(android.view.SurfaceHolder);
}

# ========================================
# JavaScript Bridge Rules
# ========================================

# Keep JSON serialization/deserialization
-keepclassmembers class com.example.wallpaper.bridge.* {
    *;
}

# Keep message queue and bridge communication classes
-keep class com.example.wallpaper.bridge.JsMessage { *; }
-keep class com.example.wallpaper.bridge.JsBridge { *; }

# Preserve bridge method signatures
-keepclassmembers class * {
    @com.example.wallpaper.bridge.BridgeMethod <methods>;
    @android.webkit.JavascriptInterface <methods>;
}

# ========================================
# Optimization Rules
# ========================================

# Remove logging in release builds
-assumenosideeffects class android.util.Log {
    public static *** d(...);
    public static *** v(...);
    public static *** i(...);
}

# Remove debug assertions
-assumenosideeffects class java.lang.AssertionError {
    <init>(...);
    <init>(java.lang.String);
}

# Remove System.out.println calls
-assumenosideeffects class java.io.PrintStream {
    public void println(...);
    public void print(...);
}

# Remove Thread.dumpStack calls
-assumenosideeffects class java.lang.Thread {
    public static void dumpStack();
}

# ========================================
# Third-Party Library Rules
# ========================================

# Gson (JSON library) rules
-keepattributes Signature
-keepattributes *Annotation*
-dontwarn sun.misc.**
-keep class com.google.gson.** { *; }
-keep class * implements com.google.gson.TypeAdapterFactory
-keep class * implements com.google.gson.JsonSerializer
-keep class * implements com.google.gson.JsonDeserializer

# Kotlin Coroutines rules
-keepnames class kotlinx.coroutines.internal.MainDispatcherFactory {}
-keepnames class kotlinx.coroutines.CoroutineExceptionHandler {}

# ========================================
# AndroidX Rules
# ========================================

# Keep AndroidX WebKit classes
-keep class androidx.webkit.** { *; }

# Keep LiveData and ViewModel classes
-keep class androidx.lifecycle.** { *; }

# Keep Activity and Fragment classes
-keep class androidx.activity.** { *; }
-keep class androidx.fragment.** { *; }

# Keep Preference classes
-keep class androidx.preference.** { *; }

# ========================================
# Material Design Components Rules
# ========================================

# Keep Material Components classes
-keep class com.google.android.material.** { *; }

# Keep Material3 classes if using Material3
-keep class androidx.compose.material3.** { *; }

# ========================================
# Reflection and Dynamic Code Rules
# ========================================

# Keep classes that might be accessed via reflection
-keep @androidx.annotation.Keep class * { *; }
-keepclassmembers class * {
    @androidx.annotation.Keep *;
}

# Keep classes with dynamic method registration
-keep @interface com.example.wallpaper.util.DynamicBind

# ========================================
# Resource and Asset Rules
# ========================================

# Keep resource references for WebView assets
-keepclassmembers class com.example.wallpaper.web.** {
    public static final java.lang.String ASSET_*;
    public static final int RES_*;
}

# Keep wallpaper metadata
-keep class com.example.wallpaper.xml.** { *; }

# ========================================
# Performance Optimization Rules
# ========================================

# Remove unused method parameters
-optimizationpasses 5
-dontusemixedcaseclassnames
-dontskipnonpubliclibraryclasses
-verbose

# Optimize and obfuscate
-optimizations !code/simplification/arithmetic,!field/*,!class/merging/*

# Allow access to modify final classes
-allowaccessmodification

# ========================================
# Security and Obfuscation Rules
# ========================================

# Preserve obfuscated class names for Wallpaper classes
-keepnames class com.example.wallpaper.service.** {
    public <fields>;
    public <methods>;
}

# Keep JavaScript bridge method names obfuscated but accessible
-keepclassmembers class * {
    @android.webkit.JavascriptInterface <methods>;
}

# ========================================
# Error Handling and Crash Reporting
# ========================================

# Keep error handling classes
-keep class com.example.wallpaper.util.** {
    *;
}

# Keep exception classes
-keep class java.lang.** { *; }
-keepclassmembers class java.lang.** {
    public java.lang.String getMessage();
    public void printStackTrace();
}

# ========================================
# Configuration and Settings Rules
# ========================================

# Keep settings activity classes
-keep class com.example.wallpaper.settings.** { *; }

# Keep wallpaper change receiver
-keep class com.example.wallpaper.prefs.** { *; }

# Keep URL validation and configuration classes
-keep class com.example.wallpaper.prefs.UrlValidator { *; }
-keep class com.example.wallpaper.prefs.WallpaperPrefs { *; }

# ========================================
# Compatibility and Compatibility Rules
# ========================================

# Keep classes referenced in XML layouts
-keep class * extends android.view.View {
    public <init>(android.content.Context);
    public <init>(android.content.Context, android.util.AttributeSet);
    public <init>(android.content.Context, android.util.AttributeSet, int);
    public void set*(***);
    *** get*();
}

# Keep Parcelable implementations
-keepclassmembers class * implements android.os.Parcelable {
    public static final android.os.Parcelable$Creator CREATOR;
}

# Keep Serializable implementations
-keepnames class * implements java.io.Serializable
-keepclassmembers class * implements java.io.Serializable {
    static final long serialVersionUID;
    private static final java.io.ObjectStreamField[] serialPersistentFields;
    !static !transient <fields>;
    private void writeObject(java.io.ObjectOutputStream);
    private void readObject(java.io.ObjectInputStream);
    java.lang.Object writeReplace();
    java.lang.Object readResolve();
}

# ========================================
# Debug and Development Rules (Disabled in Release)
# ========================================

# If you want to keep debug-specific code in release builds, uncomment these:
# -keep class com.example.wallpaper.debug.** { *; }
# -keepclassmembers class com.example.wallpaper.debug.** {
#     *;
# }

# ========================================
# Final Configuration Notes
# ========================================

# This configuration balances obfuscation with functionality
# Key areas preserved:
# 1. WallpaperService and Engine implementations
# 2. JavaScript bridge interfaces
# 3. WebView and WebGL compatibility
# 4. JSON serialization/deserialization
# 5. Parcelable implementations
# 6. Native methods and reflection

# Test thoroughly after applying these rules
# WebView interactions and JS bridge functionality are critical
# Any obfuscation that breaks JS interface methods will cause failures

# End of content from android_project/app/proguard-rules.pro
# The proguard configuration file for the following section is transformed/databinding-runtime-8.5.2/proguard.txt
-dontwarn androidx.databinding.ViewDataBinding
-dontwarn androidx.databinding.ViewDataBinding$LiveDataListener

# instant apps load these via reflection so we need to keep them.
-keep public class * extends androidx.databinding.DataBinderMapper

# End of content from transformed/databinding-runtime-8.5.2/proguard.txt
# The proguard configuration file for the following section is transformed/material-1.11.0/proguard.txt
# Copyright (C) 2015 The Android Open Source Project
#
# Licensed under the Apache License, Version 2.0 (the "License");
# you may not use this file except in compliance with the License.
# You may obtain a copy of the License at
#
#      http://www.apache.org/licenses/LICENSE-2.0
#
# Unless required by applicable law or agreed to in writing, software
# distributed under the License is distributed on an "AS IS" BASIS,
# WITHOUT WARRANTIES OR CONDITIONS OF ANY KIND, either express or implied.
# See the License for the specific language governing permissions and
# limitations under the License.

# CoordinatorLayout resolves the behaviors of its child components with reflection.
-keep public class * extends androidx.coordinatorlayout.widget.CoordinatorLayout$Behavior {
    public <init>(android.content.Context, android.util.AttributeSet);
    public <init>();
}

# Make sure we keep annotations for CoordinatorLayout's DefaultBehavior
-keepattributes RuntimeVisible*Annotation*

# Copyright (C) 2018 The Android Open Source Project
#
# Licensed under the Apache License, Version 2.0 (the "License");
# you may not use this file except in compliance with the License.
# You may obtain a copy of the License at
#
#      http://www.apache.org/licenses/LICENSE-2.0
#
# Unless required by applicable law or agreed to in writing, software
# distributed under the License is distributed on an "AS IS" BASIS,
# WITHOUT WARRANTIES OR CONDITIONS OF ANY KIND, either express or implied.
# See the License for the specific language governing permissions and
# limitations under the License.

# AppCompatViewInflater reads the viewInflaterClass theme attribute which then
# reflectively instantiates MaterialComponentsViewInflater using the no-argument
# constructor. We only need to keep this constructor and the class name if
# AppCompatViewInflater is also being kept.
-if class androidx.appcompat.app.AppCompatViewInflater
-keep class com.google.android.material.theme.MaterialComponentsViewInflater {
    <init>();
}


# End of content from transformed/material-1.11.0/proguard.txt
# The proguard configuration file for the following section is transformed/preference-1.2.1/proguard.txt
# Copyright (C) 2015 The Android Open Source Project
#
# Licensed under the Apache License, Version 2.0 (the "License");
# you may not use this file except in compliance with the License.
# You may obtain a copy of the License at
#
#      http://www.apache.org/licenses/LICENSE-2.0
#
# Unless required by applicable law or agreed to in writing, software
# distributed under the License is distributed on an "AS IS" BASIS,
# WITHOUT WARRANTIES OR CONDITIONS OF ANY KIND, either express or implied.
# See the License for the specific language governing permissions and
# limitations under the License.

# Preference objects are inflated via reflection
-keep public class androidx.preference.Preference {
    public <init>(android.content.Context, android.util.AttributeSet);
}
-keep public class * extends androidx.preference.Preference {
    public <init>(android.content.Context, android.util.AttributeSet);
}

# End of content from transformed/preference-1.2.1/proguard.txt
# The proguard configuration file for the following section is transformed/appcompat-1.6.1/proguard.txt
# Copyright (C) 2018 The Android Open Source Project
#
# Licensed under the Apache License, Version 2.0 (the "License");
# you may not use this file except in compliance with the License.
# You may obtain a copy of the License at
#
#      http://www.apache.org/licenses/LICENSE-2.0
#
# Unless required by applicable law or agreed to in writing, software
# distributed under the License is distributed on an "AS IS" BASIS,
# WITHOUT WARRANTIES OR CONDITIONS OF ANY KIND, either express or implied.
# See the License for the specific language governing permissions and
# limitations under the License.

# aapt is not able to read app::actionViewClass and app:actionProviderClass to produce proguard
# keep rules. Add a commonly used SearchView to the keep list until b/109831488 is resolved.
-keep class androidx.appcompat.widget.SearchView { <init>(...); }

# Never inline methods, but allow shrinking and obfuscation.
-keepclassmembernames,allowobfuscation,allowshrinking class androidx.appcompat.widget.AppCompatTextViewAutoSizeHelper$Impl* {
  <methods>;
}

# End of content from transformed/appcompat-1.6.1/proguard.txt
# The proguard configuration file for the following section is transformed/fragment-1.6.2/proguard.txt
# Copyright (C) 2020 The Android Open Source Project
#
# Licensed under the Apache License, Version 2.0 (the "License");
# you may not use this file except in compliance with the License.
# You may obtain a copy of the License at
#
#      http://www.apache.org/licenses/LICENSE-2.0
#
# Unless required by applicable law or agreed to in writing, software
# distributed under the License is distributed on an "AS IS" BASIS,
# WITHOUT WARRANTIES OR CONDITIONS OF ANY KIND, either express or implied.
# See the License for the specific language governing permissions and
# limitations under the License.

# The default FragmentFactory creates Fragment instances using reflection
-if public class ** extends androidx.fragment.app.Fragment
-keepclasseswithmembers,allowobfuscation public class <1> {
    public <init>();
}

# FragmentTransition will reflectively lookup:
# androidx.transition.FragmentTransitionSupport
# We should ensure that we keep the constructor if the code using this is alive
-if class androidx.fragment.app.FragmentTransition {
   private static androidx.fragment.app.FragmentTransitionImpl resolveSupportImpl();
}
-keep class androidx.transition.FragmentTransitionSupport {
    public <init>();
}

# End of content from transformed/fragment-1.6.2/proguard.txt
# The proguard configuration file for the following section is transformed/webkit-1.9.0/proguard.txt
# Copyright 2018 The Chromium Authors
# Use of this source code is governed by a BSD-style license that can be
# found in the LICENSE file.

# We need to avoid obfuscating the support library boundary interface because
# this API is shared with the Android Support Library.
# Note that we only 'keep' the package org.chromium.support_lib_boundary itself,