app/build/outputs/mapping/release/seeds.txt
com.example.wallpaper.util.WebViewUtil$4
com.example.wallpaper.WallpaperApplication
com.example.wallpaper.service.LiveWallpaperService$WallpaperEngine
com.example.wallpaper.settings.MainActivity
com.example.wallpaper.util.CrashHandler$1
com.example.wallpaper.util.CrashHandler$CrashListener
com.example.wallpaper.util.WebViewUtil$AndroidWallpaperGestures
com.example.wallpaper.util.WebViewUtil$2
com.example.wallpaper.BuildConfig
com.example.wallpaper.util.WebViewUtil$WebViewStats
com.example.wallpaper.util.WebViewUtil$1
com.example.wallpaper.service.WebViewWallpaperService$WebViewWallpaperEngine$WallpaperChromeClient
com.example.wallpaper.util.WebViewUtil$3
com.example.wallpaper.service.WebViewWallpaperService$WebViewWallpaperEngine$PerformanceMetrics
com.example.wallpaper.prefs.WallpaperPrefs$BackgroundType
com.example.wallpaper.service.WebViewWallpaperService
com.example.wallpaper.prefs.WallpaperPrefs$QualityLevel
com.example.wallpaper.settings.PreviewActivity
com.example.wallpaper.util.WebViewUtil$LoadCallback
com.example.wallpaper.prefs.WallpaperPrefs
com.example.wallpaper.DataBinderMapperImpl
com.example.wallpaper.util.CrashHandler
com.example.wallpaper.util.WebViewUtil$AndroidWallpaperBridge
com.example.wallpaper.util.CrashHandler$CrashReport
com.example.wallpaper.service.WebViewWallpaperService$WebViewWallpaperEngine
com.example.wallpaper.ui.SettingsActivity
com.example.wallpaper.service.LiveWallpaperService
com.example.wallpaper.service.LiveWallpaperService$MinimalEngine
com.example.wallpaper.service.WebViewWallpaperService$WebViewWallpaperEngine$WallpaperWebViewClient
com.example.wallpaper.util.WebViewUtil
com.example.wallpaper.service.WebViewWallpaperService$WebViewWallpaperEngine$AndroidBridge
com.example.wallpaper.util.CrashHandler$CrashReport: java.lang.String networkType
com.example.wallpaper.util.WebViewUtil: java.lang.String[] BLOCKED_HOSTS
com.example.wallpaper.prefs.WallpaperPrefs$QualityLevel: com.example.wallpaper.prefs.WallpaperPrefs$QualityLevel MEDIUM
com.example.wallpaper.prefs.WallpaperPrefs: int DEFAULT_FRAME_RATE_VALUE
com.example.wallpaper.prefs.WallpaperPrefs: java.lang.String KEY_LIGHTING_ENABLED
com.example.wallpaper.util.CrashHandler: java.lang.String THREAD_NAME_WORKER
com.example.wallpaper.util.CrashHandler: java.lang.String THREAD_NAME_MAIN
com.example.wallpaper.prefs.WallpaperPrefs: java.lang.String KEY_MEMORY_OPTIMIZATION
com.example.wallpaper.prefs.WallpaperPrefs: boolean DEFAULT_HAPTIC
com.example.wallpaper.util.WebViewUtil: java.util.concurrent.atomic.AtomicInteger sActiveWebViewCount
com.example.wallpaper.prefs.WallpaperPrefs$BackgroundType: com.example.wallpaper.prefs.WallpaperPrefs$BackgroundType SOLID
com.example.wallpaper.service.LiveWallpaperService$WallpaperEngine: android.view.SurfaceHolder surfaceHolder
com.example.wallpaper.prefs.WallpaperPrefs$QualityLevel: int value
com.example.wallpaper.service.WebViewWallpaperService$WebViewWallpaperEngine$PerformanceMetrics: long droppedFrames
com.example.wallpaper.prefs.WallpaperPrefs: int MIN_QUALITY_LEVEL
com.example.wallpaper.util.CrashHandler$CrashReport: long availableMemory
com.example.wallpaper.util.CrashHandler: boolean mIsInitialized
com.example.wallpaper.prefs.WallpaperPrefs: java.lang.String KEY_ANIMATION_SPEED
com.example.wallpaper.prefs.WallpaperPrefs: java.lang.String KEY_ROTATION_ENABLED
com.example.wallpaper.prefs.WallpaperPrefs: boolean DEFAULT_TRANSITIONS
com.example.wallpaper.prefs.WallpaperPrefs: java.lang.String KEY_TEXTURE_PACK
com.example.wallpaper.prefs.WallpaperPrefs$BackgroundType: java.lang.String value
com.example.wallpaper.util.WebViewUtil$1: com.example.wallpaper.util.WebViewUtil$LoadCallback val$callback
com.example.wallpaper.prefs.WallpaperPrefs: java.lang.String KEY_TRANSITIONS_ENABLED
com.example.wallpaper.util.CrashHandler: java.lang.String CRASH_LOG_FILE_PREFIX
com.example.wallpaper.util.CrashHandler$CrashReport: java.lang.String deviceBrand
...
com.google.android.material.snackbar.BaseTransientBottomBar: boolean shouldUpdateGestureInset()
com.google.android.material.snackbar.BaseTransientBottomBar$Anchor: void unanchor()
com.google.android.material.color.utilities.Score: java.util.List score(java.util.Map,int)
kotlin.text.StringsKt__IndentKt$getIndentFunction$1: StringsKt__IndentKt$getIndentFunction$1()
androidx.fragment.app.FragmentController: void dispatchDestroyView()
com.google.android.material.bottomappbar.BottomAppBar: int getActionMenuViewTranslationX(androidx.appcompat.widget.ActionMenuView,int,boolean)
androidx.activity.result.ActivityResultLauncherKt: void launchUnit$default(androidx.activity.result.ActivityResultLauncher,androidx.core.app.ActivityOptionsCompat,int,java.lang.Object)
com.google.android.material.floatingactionbutton.FloatingActionButtonImpl: void updateShapeElevation(float)
androidx.recyclerview.widget.RecyclerView$LayoutManager: int getRowCountForAccessibility(androidx.recyclerview.widget.RecyclerView$Recycler,androidx.recyclerview.widget.RecyclerView$State)
android.support.v4.app.RemoteActionCompatParcelizer: RemoteActionCompatParcelizer()
com.google.gson.internal.Streams$AppendableWriter$CurrentWrite: java.lang.String toString()
com.google.android.material.carousel.CarouselOrientationHelper$1: int getParentBottom()
com.google.android.material.internal.CheckableImageButton$SavedState$1: java.lang.Object createFromParcel(android.os.Parcel,java.lang.ClassLoader)
androidx.activity.result.contract.ActivityResultContracts$RequestMultiplePermissions: ActivityResultContracts$RequestMultiplePermissions()
com.google.android.material.chip.ChipDrawable: android.graphics.ColorFilter getColorFilter()
com.google.android.material.progressindicator.BaseProgressIndicator: com.google.android.material.progressindicator.DrawingDelegate getCurrentDrawingDelegate()
androidx.core.graphics.drawable.IconCompat$Api30Impl: android.graphics.drawable.Icon createWithAdaptiveBitmapContentUri(android.net.Uri)
com.google.android.material.slider.BaseSlider: float access$700(com.google.android.material.slider.BaseSlider,int)
com.google.android.material.datepicker.OnSelectionChangedListener: void onSelectionChanged(java.lang.Object)
com.google.android.material.bottomappbar.BottomAppBar: void access$300(com.google.android.material.bottomappbar.BottomAppBar,int,boolean)
androidx.fragment.app.FragmentActivity$HostCallbacks: android.view.LayoutInflater onGetLayoutInflater()
androidx.appcompat.widget.AppCompatTextViewAutoSizeHelper$Impl: boolean isHorizontallyScrollable(android.widget.TextView)
androidx.fragment.app.FragmentManager$FragmentLifecycleCallbacks: void onFragmentDestroyed(androidx.fragment.app.FragmentManager,androidx.fragment.app.Fragment)
com.google.android.material.textfield.TextInputLayout: void setDefaultHintTextColor(android.content.res.ColorStateList)
com.google.android.material.internal.NavigationMenuPresenter$ViewHolder: NavigationMenuPresenter$ViewHolder(android.view.View)
androidx.fragment.app.FragmentViewModelLazyKt$createViewModelLazy$2: java.lang.Object invoke()
com.google.android.material.internal.NavigationMenuPresenter: void setSubheaderTextAppearance(int)
com.google.android.material.datepicker.Month$1: com.google.android.material.datepicker.Month[] newArray(int)
com.google.android.material.badge.BadgeState$State: java.lang.Integer access$2200(com.google.android.material.badge.BadgeState$State)
com.google.gson.stream.JsonWriter: com.google.gson.stream.JsonWriter name(java.lang.String)
org.chromium.support_lib_boundary.ProfileBoundaryInterface: android.webkit.GeolocationPermissions getGeoLocationPermissions()
androidx.activity.result.contract.ActivityResultContracts$TakePicture: androidx.activity.result.contract.ActivityResultContract$SynchronousResult getSynchronousResult(android.content.Context,java.lang.Object)
androidx.core.view.WindowInsetsCompat$Impl: void setRootViewData(androidx.core.graphics.Insets)