app/build/outputs/mapping/release/usage.txt
com.example.wallpaper.BR
com.example.wallpaper.BuildConfig:
    public static final java.lang.String APPLICATION_ID
    public static final java.lang.String BUILD_TYPE
    public static final boolean DEBUG
    public static final int VERSION_CODE
    public static final java.lang.String VERSION_NAME
    public static final boolean WEBVIEW_DEBUG
    public void <init>()
com.example.wallpaper.DataBinderMapperImpl$InnerBrLookup
com.example.wallpaper.DataBinderMapperImpl$InnerLayoutIdLookup
com.example.wallpaper.DataBinderMapperImpl:
    public java.lang.String convertBrIdToString(int)
    public androidx.databinding.ViewDataBinding getDataBinder(androidx.databinding.DataBindingComponent,android.view.View,int)
    public androidx.databinding.ViewDataBinding getDataBinder(androidx.databinding.DataBindingComponent,android.view.View[],int)
    public int getLayoutId(java.lang.String)
com.example.wallpaper.DataBindingTriggerClass
com.example.wallpaper.R$array:
    private void <init>()
com.example.wallpaper.R$color
com.example.wallpaper.R$dimen
com.example.wallpaper.R$id:
    private void <init>()
com.example.wallpaper.R$layout:
    private void <init>()
com.example.wallpaper.R$mipmap
com.example.wallpaper.R$string:
    public static int accessibility_quality_description
    public static int accessibility_settings_description
    public static int accessibility_wallpaper_preview
    public static int apply_button
    public static int cancel_button
    public static int content_url_helper
    public static int content_url_hint
    public static int content_url_label
    public static int debug_performance_mode
    public static int debug_webview_enabled
    public static int error_permission
    public static int error_scene_load
    public static int error_service_start
    public static int error_webview_init
    public static int frame_rate_24
    public static int frame_rate_30
    public static int frame_rate_60
    public static int frame_rate_label
    public static int initializing_renderer
    public static int invalid_url
    public static int js_bridge_name
    public static int launch_picker_button
    public static int loading_assets
    public static int loading_scene
    public static int network_error
    public static int notification_channel_description
    public static int notification_channel_name
    public static int notification_service_running
    public static int preset_abstract_particles
    public static int preset_city_dusk
    public static int preset_crystal_formations
    public static int preset_galaxy_stars
    public static int preset_ocean_waves
    public static int quality_battery_saver
com.example.wallpaper.R$style
com.example.wallpaper.R$xml
com.example.wallpaper.R
com.example.wallpaper.WallpaperApplication:
    public static android.content.Context getAppContext()
    public static com.example.wallpaper.util.CrashHandler getCrashHandler()
    public static com.example.wallpaper.WallpaperApplication getInstance()
    public java.lang.String getVersionInfo()
    public java.lang.String getWebViewVersion()
    public boolean isDebugBuild()
    public static boolean isWebViewDebugEnabled()
com.example.wallpaper.databinding.ActivityMainBinding
com.example.wallpaper.databinding.ActivityPreviewBinding
com.example.wallpaper.databinding.ActivitySettingsBinding
com.example.wallpaper.ui.SettingsActivity:
    private static final java.lang.String KEY_QUALITY
    private static final java.lang.String KEY_SCREEN_SELECTION
    private static final java.lang.String KEY_URL
    private static final java.lang.String KEY_URL_TESTED
    private static final java.lang.String PREF_NAME
com.example.wallpaper.DataBinderMapperImpl:
    public static final android.util.SparseIntArray INTERNAL_LAYOUT_ID_LOOKUP
com.example.wallpaper.R$array
com.example.wallpaper.R$id
com.example.wallpaper.R$layout
com.example.wallpaper.R$string
...
androidx.appcompat.R$bool
androidx.appcompat.R$color
androidx.appcompat.R$dimen
androidx.appcompat.R$drawable
androidx.appcompat.R$id
androidx.appcompat.R$layout
androidx.appcompat.R$string
androidx.appcompat.R$style
androidx.appcompat.R$styleable:
    public static int ActionBarLayout_android_layout_gravity
    public static int ActionBar_background
    public static int ActionBar_backgroundSplit
    public static int ActionBar_backgroundStacked
    public static int ActionBar_contentInsetEnd
    public static int ActionBar_contentInsetStart
    public static int ActionBar_customNavigationLayout
    public static int ActionBar_displayOptions
    public static int ActionBar_elevation
    public static int ActionBar_height
    public static int ActionBar_hideOnContentScroll
    public static int ActionBar_homeAsUpIndicator
    public static int ActionBar_icon
    public static int ActionBar_logo
    public static int ActionBar_popupTheme
    public static int ActionBar_subtitle
    public static int ActionBar_subtitleTextStyle
    public static int ActionBar_title
    public static int ActionBar_titleTextStyle
    public static int ActionMenuItemView_android_minWidth
    public static int[] ActionMenuView
    public static int ActionMode_background
    public static int ActionMode_closeItemLayout
    public static int ActionMode_height
    public static int ActionMode_subtitleTextStyle
    public static int ActionMode_titleTextStyle
    public static int ActivityChooserView_expandActivityOverflowButtonDrawable
    public static int ActivityChooserView_initialActivityCount
    public static int AlertDialog_android_layout
    public static int AlertDialog_buttonIconDimen
androidx.appcompat.app.ActionBar$LayoutParams
androidx.appcompat.app.ActionBar$OnMenuVisibilityListener
androidx.appcompat.app.ActionBar$Tab:
    public abstract java.lang.CharSequence getContentDescription()
    public abstract android.view.View getCustomView()
    public abstract android.graphics.drawable.Drawable getIcon()
    public abstract java.lang.CharSequence getText()
    public abstract void select()
androidx.appcompat.app.AlertController$2
androidx.appcompat.app.AlertController$3
androidx.appcompat.app.AlertController$4
androidx.appcompat.app.AlertController$5
androidx.appcompat.app.AlertController$AlertParams$OnPrepareListViewListener
androidx.appcompat.app.AlertController$AlertParams:
    public boolean mForceInverseBackground
    public int mIconAttrId
    public androidx.appcompat.app.AlertController$AlertParams$OnPrepareListViewListener mOnPrepareListViewListener
    public boolean mRecycleOnMeasure
    public static void apply()
    public static void createListView()
androidx.appcompat.app.AlertController$RecycleListView:
    public static void setHasDecor()
androidx.appcompat.app.AlertController:
    public int mButtonPanelLayoutHint
    public int mButtonPanelSideLayout
    public static void centerButton(android.widget.Button)
    public static int getIconAttributeResId()
    public static android.widget.ListView getListView()
    public static void installContent()
    public static boolean onKeyDown()
    public static boolean onKeyUp()
    public static int selectContentView()
    public static void setCustomTitle()
    public static void setIcon()
    public final void setIcon(int)
    public static void setMessage()
    public static void setScrollIndicators()
    public final void setTitle(java.lang.CharSequence)
    public static void setView()
    public static void setView$1()
    public static void setView$2()
    public static void setupButtons()
    public static void setupContent()
    public static void setupCustomContent()
    public static void setupTitle()
    public static void setupView()
androidx.appcompat.app.AlertDialog:
    public final android.widget.ListView getListView()
androidx.appcompat.app.AppCompatActivity:
    public abstract void initDelegate()
    public abstract boolean performMenuItemShortcut()